2020-09-20 00:00:28,290 [1] DEBUG Debug - 一个客户端链接：127.0.0.1:8011,当前1个客户端在线！ Debug 
2020-09-20 00:00:28,377 [1] DEBUG Debug - 接收数据 消息体长度：10 Debug 
2020-09-20 00:00:28,378 [1] DEBUG Debug - netProtocol：SECRET_REQUEST Debug 
2020-09-20 00:00:28,378 [1] DEBUG Debug - 收到了客户端发来的消息！SECRET_RESPONSE Debug 
2020-09-20 00:00:28,379 [1] DEBUG Debug - client.Sceret :Yycm1600531228 Debug 
2020-09-20 00:00:28,379 [1] DEBUG Debug - 向客户端发送了一条响应 数据长度：24 Debug 
2020-09-20 00:00:58,502 [1] DEBUG Debug - 接收数据 消息体长度：4 Debug 
2020-09-20 00:00:58,503 [1] DEBUG Debug - netProtocol：Ping Debug 
2020-09-20 00:00:58,505 [1] DEBUG Debug - 收到了心跳包  Debug 
2020-09-20 00:00:58,507 [1] DEBUG Debug - 向客户端发送了一条响应 数据长度：8 Debug 
2020-09-20 00:00:58,507 [1] DEBUG Debug - 回应了心跳包  Debug 
2020-09-20 00:01:01,070 [1] DEBUG Debug - 一个客户端断开链接，当前总连接数：0 Debug 
2020-09-20 00:04:16,716 [1] DEBUG Debug - 一个客户端链接：127.0.0.1:8011,当前1个客户端在线！ Debug 
2020-09-20 00:04:16,803 [1] DEBUG Debug - 接收数据 消息体长度：10 Debug 
2020-09-20 00:04:16,803 [1] DEBUG Debug - netProtocol：SECRET_REQUEST Debug 
2020-09-20 00:04:16,804 [1] DEBUG Debug - 收到了客户端发来的消息！SECRET_RESPONSE Debug 
2020-09-20 00:04:16,804 [1] DEBUG Debug - client.Sceret :Yycm1600531457 Debug 
2020-09-20 00:04:16,805 [1] DEBUG Debug - 向客户端发送了一条响应 数据长度：24 Debug 
2020-09-20 00:04:47,502 [1] DEBUG Debug - 接收数据 消息体长度：4 Debug 
2020-09-20 00:04:47,503 [1] DEBUG Debug - netProtocol：Ping Debug 
2020-09-20 00:04:47,503 [1] DEBUG Debug - 收到了心跳包  Debug 
2020-09-20 00:04:47,504 [1] DEBUG Debug - 向客户端发送了一条响应 数据长度：8 Debug 
2020-09-20 00:04:47,504 [1] DEBUG Debug - 回应了心跳包  Debug 
2020-09-20 00:04:51,017 [1] DEBUG Debug - 一个客户端断开链接，当前总连接数：0 Debug 
2020-09-20 00:05:48,078 [1] DEBUG Debug - 一个客户端链接：127.0.0.1:8011,当前1个客户端在线！ Debug 
2020-09-20 00:05:48,166 [1] DEBUG Debug - 接收数据 消息体长度：10 Debug 
2020-09-20 00:05:48,166 [1] DEBUG Debug - netProtocol：SECRET_REQUEST Debug 
2020-09-20 00:05:48,167 [1] DEBUG Debug - 收到了客户端发来的消息！SECRET_RESPONSE Debug 
2020-09-20 00:05:48,168 [1] DEBUG Debug - client.Sceret :Yycm1600531548 Debug 
2020-09-20 00:05:48,168 [1] DEBUG Debug - 向客户端发送了一条响应 数据长度：24 Debug 
2020-09-20 00:06:03,898 [1] DEBUG Debug - 一个客户端断开链接，当前总连接数：0 Debug 
2020-09-20 00:27:53,316 [1] DEBUG Debug - 注册了一个事件：SECRET_REQUEST Debug 
2020-09-20 00:27:53,333 [1] DEBUG Debug - 注册了一个事件：Ping Debug 
2020-09-20 00:27:53,334 [1] DEBUG Debug - 注册了一个事件：LOGIN_LOGIN_REQUEST Debug 
2020-09-20 00:27:53,342 [1] INFO  Debug - 服务器启动监听127.0.0.1:8011成功 Debug 
2020-09-20 00:28:02,123 [1] DEBUG Debug - 一个客户端链接：127.0.0.1:8011,当前1个客户端在线！ Debug 
2020-09-20 00:28:02,215 [1] DEBUG Debug - 接收数据 消息体长度：10 Debug 
2020-09-20 00:28:02,216 [1] DEBUG Debug - netProtocol：SECRET_REQUEST Debug 
2020-09-20 00:28:02,218 [1] DEBUG Debug - 收到了客户端发来的消息！SECRET_RESPONSE Debug 
2020-09-20 00:28:02,325 [1] DEBUG Debug - client.Sceret :Yycm1600532882 Debug 
2020-09-20 00:28:02,332 [1] DEBUG Debug - 向客户端发送了一条响应 数据长度：24 Debug 
2020-09-20 00:28:05,411 [1] DEBUG Debug - 一个客户端断开链接，当前总连接数：0 Debug 
2020-09-20 00:29:29,277 [1] DEBUG Debug - 一个客户端链接：127.0.0.1:8011,当前1个客户端在线！ Debug 
2020-09-20 00:29:29,368 [1] DEBUG Debug - 接收数据 消息体长度：10 Debug 
2020-09-20 00:29:29,368 [1] DEBUG Debug - netProtocol：SECRET_REQUEST Debug 
2020-09-20 00:29:29,369 [1] DEBUG Debug - 收到了客户端发来的消息！SECRET_RESPONSE Debug 
2020-09-20 00:29:29,369 [1] DEBUG Debug - client.Sceret :Yycm1600532969 Debug 
2020-09-20 00:29:29,369 [1] DEBUG Debug - 向客户端发送了一条响应 数据长度：24 Debug 
2020-09-20 00:29:34,354 [1] DEBUG Debug - 一个客户端断开链接，当前总连接数：0 Debug 
2020-09-20 00:29:57,484 [1] DEBUG Debug - 一个客户端链接：127.0.0.1:8011,当前1个客户端在线！ Debug 
2020-09-20 00:29:57,569 [1] DEBUG Debug - 接收数据 消息体长度：10 Debug 
2020-09-20 00:29:57,569 [1] DEBUG Debug - netProtocol：SECRET_REQUEST Debug 
2020-09-20 00:29:57,570 [1] DEBUG Debug - 收到了客户端发来的消息！SECRET_RESPONSE Debug 
2020-09-20 00:29:57,570 [1] DEBUG Debug - client.Sceret :Yycm1600532998 Debug 
2020-09-20 00:29:57,571 [1] DEBUG Debug - 向客户端发送了一条响应 数据长度：24 Debug 
2020-09-20 00:30:10,346 [1] DEBUG Debug - 接收数据 消息体长度：28 Debug 
2020-09-20 00:32:44,122 [1] DEBUG Debug - 注册了一个事件：SECRET_REQUEST Debug 
2020-09-20 00:32:44,140 [1] DEBUG Debug - 注册了一个事件：Ping Debug 
2020-09-20 00:32:44,140 [1] DEBUG Debug - 注册了一个事件：LOGIN_LOGIN_REQUEST Debug 
2020-09-20 00:32:44,148 [1] INFO  Debug - 服务器启动监听127.0.0.1:8011成功 Debug 
2020-09-20 00:32:50,451 [1] DEBUG Debug - 一个客户端链接：127.0.0.1:8011,当前1个客户端在线！ Debug 
2020-09-20 00:32:50,534 [1] DEBUG Debug - 接收数据 消息体长度：10 Debug 
2020-09-20 00:32:50,535 [1] DEBUG Debug - netProtocol：SECRET_REQUEST Debug 
2020-09-20 00:32:50,537 [1] DEBUG Debug - 收到了客户端发来的消息！SECRET_RESPONSE Debug 
2020-09-20 00:32:50,648 [1] DEBUG Debug - client.Sceret :Yycm1600533171 Debug 
2020-09-20 00:32:50,655 [1] DEBUG Debug - 向客户端发送了一条响应 数据长度：24 Debug 
2020-09-20 00:33:43,394 [1] DEBUG Debug - 接收数据 消息体长度：4 Debug 
2020-09-20 00:33:43,395 [1] DEBUG Debug - netProtocol：Ping Debug 
2020-09-20 00:33:43,396 [1] DEBUG Debug - 收到了心跳包  Debug 
2020-09-20 00:33:43,397 [1] DEBUG Debug - 向客户端发送了一条响应 数据长度：8 Debug 
2020-09-20 00:33:43,398 [1] DEBUG Debug - 回应了心跳包  Debug 
2020-09-20 00:33:53,155 [1] DEBUG Debug - 接收数据 消息体长度：4 Debug 
2020-09-20 00:33:53,156 [1] DEBUG Debug - netProtocol：Ping Debug 
2020-09-20 00:33:53,157 [1] DEBUG Debug - 收到了心跳包  Debug 
2020-09-20 00:33:53,157 [1] DEBUG Debug - 向客户端发送了一条响应 数据长度：8 Debug 
2020-09-20 00:33:53,158 [1] DEBUG Debug - 回应了心跳包  Debug 
2020-09-20 00:35:25,546 [1] DEBUG Debug - 接收数据 消息体长度：28 Debug 
2020-09-20 00:36:20,621 [1] DEBUG Debug - netProtocol：LOGIN_LOGIN_REQUEST Debug 
2020-09-20 00:36:38,845 [1] DEBUG Debug - 收到了客户端发来的登录请求！ Debug 
2020-09-20 00:37:13,096 [1] DEBUG Debug - 注册了一个事件：SECRET_REQUEST Debug 
2020-09-20 00:37:13,114 [1] DEBUG Debug - 注册了一个事件：Ping Debug 
2020-09-20 00:37:13,115 [1] DEBUG Debug - 注册了一个事件：LOGIN_LOGIN_REQUEST Debug 
2020-09-20 00:37:13,123 [1] INFO  Debug - 服务器启动监听127.0.0.1:8011成功 Debug 
2020-09-20 00:37:19,725 [1] DEBUG Debug - 一个客户端链接：127.0.0.1:8011,当前1个客户端在线！ Debug 
2020-09-20 00:37:19,809 [1] DEBUG Debug - 接收数据 消息体长度：10 Debug 
2020-09-20 00:37:19,810 [1] DEBUG Debug - netProtocol：SECRET_REQUEST Debug 
2020-09-20 00:37:19,812 [1] DEBUG Debug - 收到了客户端发来的消息！SECRET_RESPONSE Debug 
2020-09-20 00:37:19,927 [1] DEBUG Debug - client.Sceret :Yycm1600533440 Debug 
2020-09-20 00:37:19,934 [1] DEBUG Debug - 向客户端发送了一条响应 数据长度：24 Debug 
2020-09-20 00:37:24,090 [1] DEBUG Debug - 接收数据 消息体长度：28 Debug 
2020-09-20 00:37:24,092 [1] DEBUG Debug - netProtocol：LOGIN_LOGIN_REQUEST Debug 
2020-09-20 00:37:30,830 [1] DEBUG Debug - 收到了客户端发来的登录请求！ Debug 
2020-09-20 00:42:22,279 [1] DEBUG Debug - 注册了一个事件：SECRET_REQUEST Debug 
2020-09-20 00:42:22,297 [1] DEBUG Debug - 注册了一个事件：Ping Debug 
2020-09-20 00:42:22,298 [1] DEBUG Debug - 注册了一个事件：LOGIN_LOGIN_REQUEST Debug 
2020-09-20 00:42:22,306 [1] INFO  Debug - 服务器启动监听127.0.0.1:8011成功 Debug 
2020-09-20 00:42:29,999 [1] DEBUG Debug - 一个客户端链接：127.0.0.1:8011,当前1个客户端在线！ Debug 
2020-09-20 00:42:30,088 [1] DEBUG Debug - 接收数据 消息体长度：10 Debug 
2020-09-20 00:42:30,089 [1] DEBUG Debug - netProtocol：SECRET_REQUEST Debug 
2020-09-20 00:42:30,090 [1] DEBUG Debug - 收到了客户端发来的消息！SECRET_RESPONSE Debug 
2020-09-20 00:42:30,199 [1] DEBUG Debug - client.Sceret :Yycm1600533750 Debug 
2020-09-20 00:42:30,206 [1] DEBUG Debug - 向客户端发送了一条响应 数据长度：24 Debug 
2020-09-20 00:42:35,448 [1] DEBUG Debug - 接收数据 消息体长度：28 Debug 
2020-09-20 00:42:35,449 [1] DEBUG Debug - netProtocol：LOGIN_LOGIN_REQUEST Debug 
2020-09-20 00:42:38,333 [1] DEBUG Debug - 收到了客户端发来的登录请求！ Debug 
2020-09-20 00:43:39,064 [1] DEBUG Debug - 注册了一个事件：SECRET_REQUEST Debug 
2020-09-20 00:43:39,084 [1] DEBUG Debug - 注册了一个事件：Ping Debug 
2020-09-20 00:43:39,084 [1] DEBUG Debug - 注册了一个事件：LOGIN_LOGIN_REQUEST Debug 
2020-09-20 00:43:39,093 [1] INFO  Debug - 服务器启动监听127.0.0.1:8011成功 Debug 
2020-09-20 00:43:43,772 [1] DEBUG Debug - 一个客户端链接：127.0.0.1:8011,当前1个客户端在线！ Debug 
2020-09-20 00:43:43,860 [1] DEBUG Debug - 接收数据 消息体长度：10 Debug 
2020-09-20 00:43:43,861 [1] DEBUG Debug - netProtocol：SECRET_REQUEST Debug 
2020-09-20 00:43:43,863 [1] DEBUG Debug - 收到了客户端发来的消息！SECRET_RESPONSE Debug 
2020-09-20 00:43:43,969 [1] DEBUG Debug - client.Sceret :Yycm1600533824 Debug 
2020-09-20 00:43:43,976 [1] DEBUG Debug - 向客户端发送了一条响应 数据长度：24 Debug 
2020-09-20 00:43:46,897 [1] DEBUG Debug - 接收数据 消息体长度：28 Debug 
2020-09-20 00:43:46,898 [1] DEBUG Debug - netProtocol：LOGIN_LOGIN_REQUEST Debug 
2020-09-20 00:43:51,395 [1] DEBUG Debug - 收到了客户端发来的登录请求！ Debug 
2020-09-20 11:19:40,642 [1] DEBUG Debug - 注册了一个事件：SECRET_REQUEST Debug 
2020-09-20 11:19:40,662 [1] DEBUG Debug - 注册了一个事件：Ping Debug 
2020-09-20 11:19:40,662 [1] DEBUG Debug - 注册了一个事件：LOGIN_LOGIN_REQUEST Debug 
2020-09-20 11:19:40,672 [1] INFO  Debug - 服务器启动监听127.0.0.1:8011成功 Debug 
2020-09-20 11:19:54,260 [1] DEBUG Debug - 一个客户端链接：127.0.0.1:8011,当前1个客户端在线！ Debug 
2020-09-20 11:19:54,342 [1] DEBUG Debug - 接收数据 消息体长度：10 Debug 
2020-09-20 11:19:54,344 [1] DEBUG Debug - netProtocol：SECRET_REQUEST Debug 
2020-09-20 11:19:54,346 [1] DEBUG Debug - 收到了客户端发来的消息！SECRET_RESPONSE Debug 
2020-09-20 11:19:54,469 [1] DEBUG Debug - client.Sceret :Yycm1600571994 Debug 
2020-09-20 11:19:54,476 [1] DEBUG Debug - 向客户端发送了一条响应 数据长度：24 Debug 
2020-09-20 11:20:17,107 [1] DEBUG Debug - 一个客户端断开链接，当前总连接数：0 Debug 
2020-09-20 11:27:09,900 [1] DEBUG Debug - 注册了一个事件：SECRET_REQUEST Debug 
2020-09-20 11:27:09,917 [1] DEBUG Debug - 注册了一个事件：Ping Debug 
2020-09-20 11:27:09,917 [1] DEBUG Debug - 注册了一个事件：LOGIN_LOGIN_REQUEST Debug 
2020-09-20 11:27:09,925 [1] INFO  Debug - 服务器启动监听127.0.0.1:8011成功 Debug 
2020-09-20 11:28:20,446 [1] DEBUG Debug - 一个客户端链接：127.0.0.1:8011,当前1个客户端在线！ Debug 
2020-09-20 11:28:20,528 [1] DEBUG Debug - 接收数据 消息体长度：10 Debug 
2020-09-20 11:28:20,529 [1] DEBUG Debug - netProtocol：SECRET_REQUEST Debug 
2020-09-20 11:28:20,531 [1] DEBUG Debug - 收到了客户端发来的消息！SECRET_RESPONSE Debug 
2020-09-20 11:28:20,638 [1] DEBUG Debug - client.Sceret :Yycm1600572501 Debug 
2020-09-20 11:28:20,645 [1] DEBUG Debug - 向客户端发送了一条响应 数据长度：24 Debug 
2020-09-20 11:28:33,205 [1] DEBUG Debug - 接收数据 消息体长度：6 Debug 
2020-09-20 11:28:33,205 [1] DEBUG Debug - netProtocol：LOGIN_LOGIN_REQUEST Debug 
2020-09-20 11:28:33,206 [1] DEBUG Debug - 收到了客户端发来的登录请求！ Debug 
2020-09-20 11:28:33,213 [1] DEBUG Debug - request.LoginType:1 Debug 
2020-09-20 11:28:33,214 [1] DEBUG Debug - 发送登录响应！ Debug 
2020-09-20 11:28:33,222 [1] DEBUG Debug - 向客户端发送了一条响应 数据长度：48 Debug 
2020-09-20 11:28:50,502 [1] DEBUG Debug - 接收数据 消息体长度：4 Debug 
2020-09-20 11:29:24,895 [1] DEBUG Debug - 注册了一个事件：SECRET_REQUEST Debug 
2020-09-20 11:29:24,912 [1] DEBUG Debug - 注册了一个事件：Ping Debug 
2020-09-20 11:29:24,912 [1] DEBUG Debug - 注册了一个事件：LOGIN_LOGIN_REQUEST Debug 
2020-09-20 11:29:24,920 [1] INFO  Debug - 服务器启动监听127.0.0.1:8011成功 Debug 
2020-09-20 11:29:31,280 [1] DEBUG Debug - 一个客户端链接：127.0.0.1:8011,当前1个客户端在线！ Debug 
2020-09-20 11:29:31,359 [1] DEBUG Debug - 接收数据 消息体长度：10 Debug 
2020-09-20 11:29:31,360 [1] DEBUG Debug - netProtocol：SECRET_REQUEST Debug 
2020-09-20 11:29:31,361 [1] DEBUG Debug - 收到了客户端发来的消息！SECRET_RESPONSE Debug 
2020-09-20 11:29:31,461 [1] DEBUG Debug - client.Sceret :Yycm1600572571 Debug 
2020-09-20 11:29:31,467 [1] DEBUG Debug - 向客户端发送了一条响应 数据长度：24 Debug 
2020-09-20 11:29:36,716 [1] DEBUG Debug - 接收数据 消息体长度：6 Debug 
2020-09-20 11:29:36,717 [1] DEBUG Debug - netProtocol：LOGIN_LOGIN_REQUEST Debug 
2020-09-20 11:29:36,718 [1] DEBUG Debug - 收到了客户端发来的登录请求！ Debug 
2020-09-20 11:29:36,724 [1] DEBUG Debug - request.LoginType:1 Debug 
2020-09-20 11:29:36,725 [1] DEBUG Debug - 发送登录响应！ Debug 
2020-09-20 11:29:36,729 [1] DEBUG Debug - 向客户端发送了一条响应 数据长度：48 Debug 
2020-09-20 11:29:41,376 [1] DEBUG Debug - 一个客户端断开链接，当前总连接数：0 Debug 
2020-09-20 11:31:13,626 [1] DEBUG Debug - 注册了一个事件：SECRET_REQUEST Debug 
2020-09-20 11:31:13,644 [1] DEBUG Debug - 注册了一个事件：Ping Debug 
2020-09-20 11:31:13,644 [1] DEBUG Debug - 注册了一个事件：LOGIN_LOGIN_REQUEST Debug 
2020-09-20 11:31:13,652 [1] INFO  Debug - 服务器启动监听127.0.0.1:8011成功 Debug 
2020-09-20 11:31:44,217 [1] DEBUG Debug - 注册了一个事件：SECRET_REQUEST Debug 
2020-09-20 11:31:44,234 [1] DEBUG Debug - 注册了一个事件：Ping Debug 
2020-09-20 11:31:44,235 [1] DEBUG Debug - 注册了一个事件：LOGIN_LOGIN_REQUEST Debug 
2020-09-20 11:31:44,241 [1] INFO  Debug - 服务器启动监听127.0.0.1:8011成功 Debug 
2020-09-20 11:31:49,165 [1] DEBUG Debug - 一个客户端链接：127.0.0.1:8011,当前1个客户端在线！ Debug 
2020-09-20 11:31:49,249 [1] DEBUG Debug - 接收数据 消息体长度：10 Debug 
2020-09-20 11:31:49,251 [1] DEBUG Debug - netProtocol：SECRET_REQUEST Debug 
2020-09-20 11:31:49,252 [1] DEBUG Debug - 收到了客户端发来的消息！SECRET_RESPONSE Debug 
2020-09-20 11:31:49,352 [1] DEBUG Debug - client.Sceret :Yycm1600572709 Debug 
2020-09-20 11:31:49,359 [1] DEBUG Debug - 向客户端发送了一条响应 数据长度：24 Debug 
2020-09-20 11:31:53,492 [1] DEBUG Debug - 接收数据 消息体长度：28 Debug 
2020-09-20 11:31:53,493 [1] DEBUG Debug - netProtocol：LOGIN_LOGIN_REQUEST Debug 
2020-09-20 11:31:53,494 [1] DEBUG Debug - 收到了客户端发来的登录请求！ Debug 
2020-09-20 11:31:53,500 [1] DEBUG Debug - request.LoginType:1 Debug 
2020-09-20 11:31:53,501 [1] DEBUG Debug - request.LoginType:壹叶成名 Debug 
2020-09-20 11:31:53,501 [1] DEBUG Debug - request.LoginType:888888 Debug 
2020-09-20 11:31:53,502 [1] DEBUG Debug - 发送登录响应！ Debug 
2020-09-20 11:31:53,507 [1] DEBUG Debug - 向客户端发送了一条响应 数据长度：48 Debug 
2020-09-20 11:32:15,013 [1] DEBUG Debug - 一个客户端断开链接，当前总连接数：0 Debug 
2020-09-20 11:35:10,271 [1] DEBUG Debug - 注册了一个事件：SECRET_REQUEST Debug 
2020-09-20 11:35:10,289 [1] DEBUG Debug - 注册了一个事件：Ping Debug 
2020-09-20 11:35:10,289 [1] DEBUG Debug - 注册了一个事件：LOGIN_LOGIN_REQUEST Debug 
2020-09-20 11:35:10,297 [1] INFO  Debug - 服务器启动监听127.0.0.1:8011成功 Debug 
2020-09-20 11:35:16,193 [1] DEBUG Debug - 一个客户端链接：127.0.0.1:8011,当前1个客户端在线！ Debug 
2020-09-20 11:35:16,275 [1] DEBUG Debug - 接收数据 消息体长度：10 Debug 
2020-09-20 11:35:16,276 [1] DEBUG Debug - netProtocol：SECRET_REQUEST Debug 
2020-09-20 11:35:16,278 [1] DEBUG Debug - 收到了客户端发来的消息！SECRET_RESPONSE Debug 
2020-09-20 11:35:16,381 [1] DEBUG Debug - client.Sceret :Yycm1600572916 Debug 
2020-09-20 11:35:16,387 [1] DEBUG Debug - 向客户端发送了一条响应 数据长度：24 Debug 
2020-09-20 11:35:19,891 [1] DEBUG Debug - 接收数据 消息体长度：28 Debug 
2020-09-20 11:35:19,891 [1] DEBUG Debug - netProtocol：LOGIN_LOGIN_REQUEST Debug 
2020-09-20 11:35:19,893 [1] DEBUG Debug - 收到了客户端发来的登录请求！ Debug 
2020-09-20 11:35:19,898 [1] DEBUG Debug - request.LoginType:1 Debug 
2020-09-20 11:35:19,898 [1] DEBUG Debug - request.LoginType:壹叶成名 Debug 
2020-09-20 11:35:19,899 [1] DEBUG Debug - request.LoginType:888888 Debug 
2020-09-20 11:35:19,899 [1] DEBUG Debug - 发送登录响应！ Debug 
2020-09-20 11:35:19,904 [1] DEBUG Debug - 向客户端发送了一条响应 数据长度：48 Debug 
2020-09-20 11:35:36,208 [1] DEBUG Debug - 一个客户端断开链接，当前总连接数：0 Debug 
2020-09-20 11:37:32,879 [1] DEBUG Debug - 注册了一个事件：SECRET_REQUEST Debug 
2020-09-20 11:37:32,897 [1] DEBUG Debug - 注册了一个事件：Ping Debug 
2020-09-20 11:37:32,898 [1] DEBUG Debug - 注册了一个事件：LOGIN_LOGIN_REQUEST Debug 
2020-09-20 11:37:32,906 [1] INFO  Debug - 服务器启动监听127.0.0.1:8011成功 Debug 
2020-09-20 11:37:37,861 [1] DEBUG Debug - 一个客户端链接：127.0.0.1:8011,当前1个客户端在线！ Debug 
2020-09-20 11:37:37,943 [1] DEBUG Debug - 接收数据 消息体长度：10 Debug 
2020-09-20 11:37:37,944 [1] DEBUG Debug - netProtocol：SECRET_REQUEST Debug 
2020-09-20 11:37:37,945 [1] DEBUG Debug - 收到了客户端发来的消息！SECRET_RESPONSE Debug 
2020-09-20 11:37:38,044 [1] DEBUG Debug - client.Sceret :Yycm1600573058 Debug 
2020-09-20 11:37:38,053 [1] DEBUG Debug - 向客户端发送了一条响应 数据长度：24 Debug 
2020-09-20 11:37:41,520 [1] DEBUG Debug - 接收数据 消息体长度：28 Debug 
2020-09-20 11:37:41,520 [1] DEBUG Debug - netProtocol：LOGIN_LOGIN_REQUEST Debug 
2020-09-20 11:37:41,521 [1] DEBUG Debug - 收到了客户端发来的登录请求！ Debug 
2020-09-20 11:37:41,527 [1] DEBUG Debug - request.LoginType:1 Debug 
2020-09-20 11:37:41,528 [1] DEBUG Debug - request.LoginType:壹叶成名 Debug 
2020-09-20 11:37:41,528 [1] DEBUG Debug - request.LoginType:888888 Debug 
2020-09-20 11:37:41,529 [1] DEBUG Debug - 发送登录响应！ Debug 
2020-09-20 11:37:41,533 [1] DEBUG Debug - 向客户端发送了一条响应 数据长度：48 Debug 
2020-09-20 11:37:46,771 [1] DEBUG Debug - 一个客户端断开链接，当前总连接数：0 Debug 
2020-09-20 11:38:55,307 [1] DEBUG Debug - 注册了一个事件：SECRET_REQUEST Debug 
2020-09-20 11:38:55,324 [1] DEBUG Debug - 注册了一个事件：Ping Debug 
2020-09-20 11:38:55,324 [1] DEBUG Debug - 注册了一个事件：LOGIN_LOGIN_REQUEST Debug 
2020-09-20 11:38:55,331 [1] INFO  Debug - 服务器启动监听127.0.0.1:8011成功 Debug 
2020-09-20 11:39:00,040 [1] DEBUG Debug - 一个客户端链接：127.0.0.1:8011,当前1个客户端在线！ Debug 
2020-09-20 11:39:00,120 [1] DEBUG Debug - 接收数据 消息体长度：10 Debug 
2020-09-20 11:39:00,122 [1] DEBUG Debug - netProtocol：SECRET_REQUEST Debug 
2020-09-20 11:39:00,124 [1] DEBUG Debug - 收到了客户端发来的消息！SECRET_RESPONSE Debug 
2020-09-20 11:39:00,222 [1] DEBUG Debug - client.Sceret :Yycm1600573140 Debug 
2020-09-20 11:39:00,227 [1] DEBUG Debug - 向客户端发送了一条响应 数据长度：24 Debug 
2020-09-20 11:39:03,946 [1] DEBUG Debug - 接收数据 消息体长度：28 Debug 
2020-09-20 11:39:03,947 [1] DEBUG Debug - netProtocol：LOGIN_LOGIN_REQUEST Debug 
2020-09-20 11:39:03,948 [1] DEBUG Debug - 收到了客户端发来的登录请求！ Debug 
2020-09-20 11:39:03,954 [1] DEBUG Debug - request.LoginType:1 Debug 
2020-09-20 11:39:03,955 [1] DEBUG Debug - request.LoginType:壹叶成名 Debug 
2020-09-20 11:39:03,955 [1] DEBUG Debug - request.LoginType:888888 Debug 
2020-09-20 11:39:03,956 [1] DEBUG Debug - 发送登录响应！ Debug 
2020-09-20 11:39:03,960 [1] DEBUG Debug - 向客户端发送了一条响应 数据长度：48 Debug 
2020-09-20 11:39:07,628 [1] DEBUG Debug - 一个客户端断开链接，当前总连接数：0 Debug 
2020-09-20 11:44:57,807 [1] DEBUG Debug - 一个客户端链接：127.0.0.1:8011,当前1个客户端在线！ Debug 
2020-09-20 11:44:57,889 [1] DEBUG Debug - 接收数据 消息体长度：10 Debug 
2020-09-20 11:44:57,889 [1] DEBUG Debug - netProtocol：SECRET_REQUEST Debug 
2020-09-20 11:44:57,889 [1] DEBUG Debug - 收到了客户端发来的消息！SECRET_RESPONSE Debug 
2020-09-20 11:44:57,890 [1] DEBUG Debug - client.Sceret :Yycm1600573498 Debug 
2020-09-20 11:44:57,890 [1] DEBUG Debug - 向客户端发送了一条响应 数据长度：24 Debug 
2020-09-20 11:45:01,250 [1] DEBUG Debug - 接收数据 消息体长度：28 Debug 
2020-09-20 11:45:01,250 [1] DEBUG Debug - netProtocol：LOGIN_LOGIN_REQUEST Debug 
2020-09-20 11:45:01,251 [1] DEBUG Debug - 收到了客户端发来的登录请求！ Debug 
2020-09-20 11:45:01,252 [1] DEBUG Debug - request.LoginType:1 Debug 
2020-09-20 11:45:01,252 [1] DEBUG Debug - request.LoginType:壹叶成名 Debug 
2020-09-20 11:45:01,252 [1] DEBUG Debug - request.LoginType:888888 Debug 
2020-09-20 11:45:01,254 [1] DEBUG Debug - 发送登录响应！ Debug 
2020-09-20 11:45:01,254 [1] DEBUG Debug - 向客户端发送了一条响应 数据长度：48 Debug 
2020-09-20 11:45:03,701 [1] DEBUG Debug - 一个客户端断开链接，当前总连接数：0 Debug 
2020-09-20 11:49:23,130 [1] DEBUG Debug - 一个客户端链接：127.0.0.1:8011,当前1个客户端在线！ Debug 
2020-09-20 11:49:23,211 [1] DEBUG Debug - 接收数据 消息体长度：10 Debug 
2020-09-20 11:49:23,212 [1] DEBUG Debug - netProtocol：SECRET_REQUEST Debug 
2020-09-20 11:49:23,212 [1] DEBUG Debug - 收到了客户端发来的消息！SECRET_RESPONSE Debug 
2020-09-20 11:49:23,213 [1] DEBUG Debug - client.Sceret :Yycm1600573763 Debug 
2020-09-20 11:49:23,213 [1] DEBUG Debug - 向客户端发送了一条响应 数据长度：24 Debug 
2020-09-20 11:49:30,320 [1] DEBUG Debug - 一个客户端断开链接，当前总连接数：0 Debug 
2020-09-20 11:51:09,488 [1] DEBUG Debug - 一个客户端链接：127.0.0.1:8011,当前1个客户端在线！ Debug 
2020-09-20 11:51:09,570 [1] DEBUG Debug - 接收数据 消息体长度：10 Debug 
2020-09-20 11:51:09,571 [1] DEBUG Debug - netProtocol：SECRET_REQUEST Debug 
2020-09-20 11:51:09,571 [1] DEBUG Debug - 收到了客户端发来的消息！SECRET_RESPONSE Debug 
2020-09-20 11:51:09,572 [1] DEBUG Debug - client.Sceret :Yycm1600573870 Debug 
2020-09-20 11:51:09,572 [1] DEBUG Debug - 向客户端发送了一条响应 数据长度：24 Debug 
2020-09-20 11:51:21,459 [1] DEBUG Debug - 一个客户端断开链接，当前总连接数：0 Debug 
2020-09-20 11:51:53,202 [1] DEBUG Debug - 一个客户端链接：127.0.0.1:8011,当前1个客户端在线！ Debug 
2020-09-20 11:51:53,285 [1] DEBUG Debug - 接收数据 消息体长度：10 Debug 
2020-09-20 11:51:53,286 [1] DEBUG Debug - netProtocol：SECRET_REQUEST Debug 
2020-09-20 11:51:53,286 [1] DEBUG Debug - 收到了客户端发来的消息！SECRET_RESPONSE Debug 
2020-09-20 11:51:53,286 [1] DEBUG Debug - client.Sceret :Yycm1600573913 Debug 
2020-09-20 11:51:53,287 [1] DEBUG Debug - 向客户端发送了一条响应 数据长度：24 Debug 
2020-09-20 11:51:54,937 [1] DEBUG Debug - 接收数据 消息体长度：28 Debug 
2020-09-20 11:51:54,938 [1] DEBUG Debug - netProtocol：LOGIN_LOGIN_REQUEST Debug 
2020-09-20 11:51:54,938 [1] DEBUG Debug - 收到了客户端发来的登录请求！ Debug 
2020-09-20 11:51:54,939 [1] DEBUG Debug - request.LoginType:1 Debug 
2020-09-20 11:51:54,939 [1] DEBUG Debug - request.LoginType:壹叶成名 Debug 
2020-09-20 11:51:54,939 [1] DEBUG Debug - request.LoginType:888888 Debug 
2020-09-20 11:51:54,940 [1] DEBUG Debug - 发送登录响应！ Debug 
2020-09-20 11:51:54,941 [1] DEBUG Debug - 向客户端发送了一条响应 数据长度：48 Debug 
2020-09-20 11:52:12,531 [1] DEBUG Debug - 一个客户端断开链接，当前总连接数：0 Debug 
2020-09-20 12:01:18,655 [1] DEBUG Debug - 一个客户端链接：127.0.0.1:8011,当前1个客户端在线！ Debug 
2020-09-20 12:01:18,737 [1] DEBUG Debug - 接收数据 消息体长度：10 Debug 
2020-09-20 12:01:18,737 [1] DEBUG Debug - netProtocol：SECRET_REQUEST Debug 
2020-09-20 12:01:18,738 [1] DEBUG Debug - 收到了客户端发来的消息！SECRET_RESPONSE Debug 
2020-09-20 12:01:18,738 [1] DEBUG Debug - client.Sceret :Yycm1600574479 Debug 
2020-09-20 12:01:18,739 [1] DEBUG Debug - 向客户端发送了一条响应 数据长度：24 Debug 
2020-09-20 12:01:22,785 [1] DEBUG Debug - 一个客户端断开链接，当前总连接数：0 Debug 
2020-09-20 12:01:35,134 [1] DEBUG Debug - 一个客户端链接：127.0.0.1:8011,当前1个客户端在线！ Debug 
2020-09-20 12:01:35,217 [1] DEBUG Debug - 接收数据 消息体长度：10 Debug 
2020-09-20 12:01:35,217 [1] DEBUG Debug - netProtocol：SECRET_REQUEST Debug 
2020-09-20 12:01:35,218 [1] DEBUG Debug - 收到了客户端发来的消息！SECRET_RESPONSE Debug 
2020-09-20 12:01:35,218 [1] DEBUG Debug - client.Sceret :Yycm1600574495 Debug 
2020-09-20 12:01:35,219 [1] DEBUG Debug - 向客户端发送了一条响应 数据长度：24 Debug 
2020-09-20 12:01:40,772 [1] DEBUG Debug - 一个客户端断开链接，当前总连接数：0 Debug 
2020-09-20 12:14:49,369 [1] DEBUG Debug - 注册了一个事件：SECRET_REQUEST Debug 
2020-09-20 12:14:49,387 [1] DEBUG Debug - 注册了一个事件：Ping Debug 
2020-09-20 12:14:49,387 [1] DEBUG Debug - 注册了一个事件：LOGIN_LOGIN_REQUEST Debug 
2020-09-20 12:14:49,395 [1] INFO  Debug - 服务器启动监听192.168.124.71:8011成功 Debug 
2020-09-20 12:15:09,760 [1] DEBUG Debug - 一个客户端链接：192.168.124.71:8011,当前1个客户端在线！ Debug 
2020-09-20 12:15:09,842 [1] DEBUG Debug - 接收数据 消息体长度：10 Debug 
2020-09-20 12:15:09,843 [1] DEBUG Debug - netProtocol：SECRET_REQUEST Debug 
2020-09-20 12:15:09,845 [1] DEBUG Debug - 收到了客户端发来的消息！SECRET_RESPONSE Debug 
2020-09-20 12:15:09,952 [1] DEBUG Debug - client.Sceret :Yycm1600575310 Debug 
2020-09-20 12:15:09,958 [1] DEBUG Debug - 向客户端发送了一条响应 数据长度：24 Debug 
2020-09-20 12:15:40,502 [1] DEBUG Debug - 接收数据 消息体长度：4 Debug 
2020-09-20 12:15:40,502 [1] DEBUG Debug - netProtocol：Ping Debug 
2020-09-20 12:15:40,503 [1] DEBUG Debug - 收到了心跳包  Debug 
2020-09-20 12:15:40,505 [1] DEBUG Debug - 向客户端发送了一条响应 数据长度：8 Debug 
2020-09-20 12:15:40,505 [1] DEBUG Debug - 回应了心跳包  Debug 
2020-09-20 12:16:11,501 [1] DEBUG Debug - 接收数据 消息体长度：4 Debug 
2020-09-20 12:16:11,501 [1] DEBUG Debug - netProtocol：Ping Debug 
2020-09-20 12:16:11,501 [1] DEBUG Debug - 收到了心跳包  Debug 
2020-09-20 12:16:11,502 [1] DEBUG Debug - 向客户端发送了一条响应 数据长度：8 Debug 
2020-09-20 12:16:11,502 [1] DEBUG Debug - 回应了心跳包  Debug 
2020-09-20 12:16:42,500 [1] DEBUG Debug - 接收数据 消息体长度：4 Debug 
2020-09-20 12:16:42,501 [1] DEBUG Debug - netProtocol：Ping Debug 
2020-09-20 12:16:42,502 [1] DEBUG Debug - 收到了心跳包  Debug 
2020-09-20 12:16:42,502 [1] DEBUG Debug - 向客户端发送了一条响应 数据长度：8 Debug 
2020-09-20 12:16:42,502 [1] DEBUG Debug - 回应了心跳包  Debug 
2020-09-20 12:17:13,501 [1] DEBUG Debug - 接收数据 消息体长度：4 Debug 
2020-09-20 12:17:13,501 [1] DEBUG Debug - netProtocol：Ping Debug 
2020-09-20 12:17:13,502 [1] DEBUG Debug - 收到了心跳包  Debug 
2020-09-20 12:17:13,502 [1] DEBUG Debug - 向客户端发送了一条响应 数据长度：8 Debug 
2020-09-20 12:17:13,503 [1] DEBUG Debug - 回应了心跳包  Debug 
2020-09-20 12:17:39,651 [1] DEBUG Debug - 一个客户端断开链接，当前总连接数：0 Debug 
2020-09-20 12:17:55,044 [1] DEBUG Debug - 一个客户端链接：192.168.124.71:8011,当前1个客户端在线！ Debug 
2020-09-20 12:17:55,126 [1] DEBUG Debug - 接收数据 消息体长度：10 Debug 
2020-09-20 12:17:55,127 [1] DEBUG Debug - netProtocol：SECRET_REQUEST Debug 
2020-09-20 12:17:55,128 [1] DEBUG Debug - 收到了客户端发来的消息！SECRET_RESPONSE Debug 
2020-09-20 12:17:55,128 [1] DEBUG Debug - client.Sceret :Yycm1600575475 Debug 
2020-09-20 12:17:55,129 [1] DEBUG Debug - 向客户端发送了一条响应 数据长度：24 Debug 
2020-09-20 12:18:04,964 [1] DEBUG Debug - 一个客户端断开链接，当前总连接数：0 Debug 
2020-09-20 12:20:34,974 [1] DEBUG Debug - 一个客户端链接：192.168.124.71:8011,当前1个客户端在线！ Debug 
2020-09-20 12:20:35,056 [1] DEBUG Debug - 接收数据 消息体长度：10 Debug 
2020-09-20 12:20:35,056 [1] DEBUG Debug - netProtocol：SECRET_REQUEST Debug 
2020-09-20 12:20:35,057 [1] DEBUG Debug - 收到了客户端发来的消息！SECRET_RESPONSE Debug 
2020-09-20 12:20:35,058 [1] DEBUG Debug - client.Sceret :Yycm1600575635 Debug 
2020-09-20 12:20:35,059 [1] DEBUG Debug - 向客户端发送了一条响应 数据长度：24 Debug 
2020-09-20 12:20:41,406 [1] DEBUG Debug - 一个客户端断开链接，当前总连接数：0 Debug 
2020-09-20 12:22:00,054 [1] DEBUG Debug - 一个客户端链接：192.168.124.71:8011,当前1个客户端在线！ Debug 
2020-09-20 12:22:00,139 [1] DEBUG Debug - 接收数据 消息体长度：10 Debug 
2020-09-20 12:22:00,140 [1] DEBUG Debug - netProtocol：SECRET_REQUEST Debug 
2020-09-20 12:22:00,140 [1] DEBUG Debug - 收到了客户端发来的消息！SECRET_RESPONSE Debug 
2020-09-20 12:22:00,141 [1] DEBUG Debug - client.Sceret :Yycm1600575720 Debug 
2020-09-20 12:22:00,142 [1] DEBUG Debug - 向客户端发送了一条响应 数据长度：24 Debug 
2020-09-20 12:22:01,856 [1] DEBUG Debug - 一个客户端断开链接，当前总连接数：0 Debug 
2020-09-20 12:22:22,222 [1] DEBUG Debug - 一个客户端链接：192.168.124.71:8011,当前1个客户端在线！ Debug 
2020-09-20 12:22:22,315 [1] DEBUG Debug - 接收数据 消息体长度：10 Debug 
2020-09-20 12:22:22,315 [1] DEBUG Debug - netProtocol：SECRET_REQUEST Debug 
2020-09-20 12:22:22,316 [1] DEBUG Debug - 收到了客户端发来的消息！SECRET_RESPONSE Debug 
2020-09-20 12:22:22,317 [1] DEBUG Debug - client.Sceret :Yycm1600575742 Debug 
2020-09-20 12:22:22,317 [1] DEBUG Debug - 向客户端发送了一条响应 数据长度：24 Debug 
2020-09-20 12:22:38,967 [1] DEBUG Debug - 一个客户端断开链接，当前总连接数：0 Debug 
2020-09-20 12:24:04,852 [1] DEBUG Debug - 一个客户端链接：192.168.124.71:8011,当前1个客户端在线！ Debug 
2020-09-20 12:24:04,936 [1] DEBUG Debug - 接收数据 消息体长度：10 Debug 
2020-09-20 12:24:04,937 [1] DEBUG Debug - netProtocol：SECRET_REQUEST Debug 
2020-09-20 12:24:04,937 [1] DEBUG Debug - 收到了客户端发来的消息！SECRET_RESPONSE Debug 
2020-09-20 12:24:04,938 [1] DEBUG Debug - client.Sceret :Yycm1600575845 Debug 
2020-09-20 12:24:04,939 [1] DEBUG Debug - 向客户端发送了一条响应 数据长度：24 Debug 
2020-09-20 12:24:16,452 [1] DEBUG Debug - 一个客户端断开链接，当前总连接数：0 Debug 
2020-09-20 12:24:41,959 [1] DEBUG Debug - 一个客户端链接：192.168.124.71:8011,当前1个客户端在线！ Debug 
2020-09-20 12:24:42,046 [1] DEBUG Debug - 接收数据 消息体长度：10 Debug 
2020-09-20 12:24:42,046 [1] DEBUG Debug - netProtocol：SECRET_REQUEST Debug 
2020-09-20 12:24:42,047 [1] DEBUG Debug - 收到了客户端发来的消息！SECRET_RESPONSE Debug 
2020-09-20 12:24:42,047 [1] DEBUG Debug - client.Sceret :Yycm1600575882 Debug 
2020-09-20 12:24:42,048 [1] DEBUG Debug - 向客户端发送了一条响应 数据长度：24 Debug 
2020-09-20 12:24:45,832 [1] DEBUG Debug - 一个客户端断开链接，当前总连接数：0 Debug 
2020-09-20 12:25:05,656 [1] DEBUG Debug - 一个客户端链接：192.168.124.71:8011,当前1个客户端在线！ Debug 
2020-09-20 12:25:05,737 [1] DEBUG Debug - 接收数据 消息体长度：10 Debug 
2020-09-20 12:25:05,738 [1] DEBUG Debug - netProtocol：SECRET_REQUEST Debug 
2020-09-20 12:25:05,738 [1] DEBUG Debug - 收到了客户端发来的消息！SECRET_RESPONSE Debug 
2020-09-20 12:25:05,739 [1] DEBUG Debug - client.Sceret :Yycm1600575906 Debug 
2020-09-20 12:25:05,740 [1] DEBUG Debug - 向客户端发送了一条响应 数据长度：24 Debug 
2020-09-20 12:25:12,714 [1] DEBUG Debug - 一个客户端断开链接，当前总连接数：0 Debug 
2020-09-20 12:25:28,217 [1] DEBUG Debug - 一个客户端链接：192.168.124.71:8011,当前1个客户端在线！ Debug 
2020-09-20 12:25:28,306 [1] DEBUG Debug - 接收数据 消息体长度：10 Debug 
2020-09-20 12:25:28,306 [1] DEBUG Debug - netProtocol：SECRET_REQUEST Debug 
2020-09-20 12:25:28,307 [1] DEBUG Debug - 收到了客户端发来的消息！SECRET_RESPONSE Debug 
2020-09-20 12:25:28,308 [1] DEBUG Debug - client.Sceret :Yycm1600575928 Debug 
2020-09-20 12:25:28,308 [1] DEBUG Debug - 向客户端发送了一条响应 数据长度：24 Debug 
2020-09-20 12:25:34,015 [1] DEBUG Debug - 一个客户端断开链接，当前总连接数：0 Debug 
2020-09-20 12:25:46,522 [1] DEBUG Debug - 一个客户端链接：192.168.124.71:8011,当前1个客户端在线！ Debug 
2020-09-20 12:25:46,606 [1] DEBUG Debug - 接收数据 消息体长度：10 Debug 
2020-09-20 12:25:46,607 [1] DEBUG Debug - netProtocol：SECRET_REQUEST Debug 
2020-09-20 12:25:46,607 [1] DEBUG Debug - 收到了客户端发来的消息！SECRET_RESPONSE Debug 
2020-09-20 12:25:46,608 [1] DEBUG Debug - client.Sceret :Yycm1600575947 Debug 
2020-09-20 12:25:46,608 [1] DEBUG Debug - 向客户端发送了一条响应 数据长度：24 Debug 
2020-09-20 12:25:56,927 [1] DEBUG Debug - 一个客户端断开链接，当前总连接数：0 Debug 
2020-09-20 12:26:05,290 [1] DEBUG Debug - 一个客户端链接：192.168.124.71:8011,当前1个客户端在线！ Debug 
2020-09-20 12:26:05,375 [1] DEBUG Debug - 接收数据 消息体长度：10 Debug 
2020-09-20 12:26:05,375 [1] DEBUG Debug - netProtocol：SECRET_REQUEST Debug 
2020-09-20 12:26:05,376 [1] DEBUG Debug - 收到了客户端发来的消息！SECRET_RESPONSE Debug 
2020-09-20 12:26:05,377 [1] DEBUG Debug - client.Sceret :Yycm1600575965 Debug 
2020-09-20 12:26:05,378 [1] DEBUG Debug - 向客户端发送了一条响应 数据长度：24 Debug 
2020-09-20 12:26:07,899 [1] DEBUG Debug - 一个客户端断开链接，当前总连接数：0 Debug 
2020-09-20 12:26:17,491 [1] DEBUG Debug - 一个客户端链接：192.168.124.71:8011,当前1个客户端在线！ Debug 
2020-09-20 12:26:17,575 [1] DEBUG Debug - 接收数据 消息体长度：10 Debug 
2020-09-20 12:26:17,576 [1] DEBUG Debug - netProtocol：SECRET_REQUEST Debug 
2020-09-20 12:26:17,576 [1] DEBUG Debug - 收到了客户端发来的消息！SECRET_RESPONSE Debug 
2020-09-20 12:26:17,577 [1] DEBUG Debug - client.Sceret :Yycm1600575978 Debug 
2020-09-20 12:26:17,578 [1] DEBUG Debug - 向客户端发送了一条响应 数据长度：24 Debug 
2020-09-20 12:26:19,851 [1] DEBUG Debug - 一个客户端断开链接，当前总连接数：0 Debug 
2020-09-20 12:26:36,689 [1] DEBUG Debug - 一个客户端链接：192.168.124.71:8011,当前1个客户端在线！ Debug 
2020-09-20 12:26:36,776 [1] DEBUG Debug - 接收数据 消息体长度：10 Debug 
2020-09-20 12:26:36,777 [1] DEBUG Debug - netProtocol：SECRET_REQUEST Debug 
2020-09-20 12:26:36,778 [1] DEBUG Debug - 收到了客户端发来的消息！SECRET_RESPONSE Debug 
2020-09-20 12:26:36,778 [1] DEBUG Debug - client.Sceret :Yycm1600575997 Debug 
2020-09-20 12:26:36,779 [1] DEBUG Debug - 向客户端发送了一条响应 数据长度：24 Debug 
2020-09-20 12:26:41,037 [1] DEBUG Debug - 一个客户端断开链接，当前总连接数：0 Debug 
2020-09-20 12:26:53,571 [1] DEBUG Debug - 一个客户端链接：192.168.124.71:8011,当前1个客户端在线！ Debug 
2020-09-20 12:26:53,655 [1] DEBUG Debug - 接收数据 消息体长度：10 Debug 
2020-09-20 12:26:53,655 [1] DEBUG Debug - netProtocol：SECRET_REQUEST Debug 
2020-09-20 12:26:53,656 [1] DEBUG Debug - 收到了客户端发来的消息！SECRET_RESPONSE Debug 
2020-09-20 12:26:53,657 [1] DEBUG Debug - client.Sceret :Yycm1600576014 Debug 
2020-09-20 12:26:53,658 [1] DEBUG Debug - 向客户端发送了一条响应 数据长度：24 Debug 
2020-09-20 12:26:55,812 [1] DEBUG Debug - 一个客户端断开链接，当前总连接数：0 Debug 
2020-09-20 12:27:11,840 [1] DEBUG Debug - 一个客户端链接：192.168.124.71:8011,当前1个客户端在线！ Debug 
2020-09-20 12:27:11,924 [1] DEBUG Debug - 接收数据 消息体长度：10 Debug 
2020-09-20 12:27:11,924 [1] DEBUG Debug - netProtocol：SECRET_REQUEST Debug 
2020-09-20 12:27:11,925 [1] DEBUG Debug - 收到了客户端发来的消息！SECRET_RESPONSE Debug 
2020-09-20 12:27:11,926 [1] DEBUG Debug - client.Sceret :Yycm1600576032 Debug 
2020-09-20 12:27:11,927 [1] DEBUG Debug - 向客户端发送了一条响应 数据长度：24 Debug 
2020-09-20 12:27:16,544 [1] DEBUG Debug - 一个客户端断开链接，当前总连接数：0 Debug 
2020-09-20 12:27:46,758 [1] DEBUG Debug - 一个客户端链接：192.168.124.71:8011,当前1个客户端在线！ Debug 
2020-09-20 12:27:46,840 [1] DEBUG Debug - 接收数据 消息体长度：10 Debug 
2020-09-20 12:27:46,841 [1] DEBUG Debug - netProtocol：SECRET_REQUEST Debug 
2020-09-20 12:27:46,842 [1] DEBUG Debug - 收到了客户端发来的消息！SECRET_RESPONSE Debug 
2020-09-20 12:27:46,843 [1] DEBUG Debug - client.Sceret :Yycm1600576067 Debug 
2020-09-20 12:27:46,843 [1] DEBUG Debug - 向客户端发送了一条响应 数据长度：24 Debug 
2020-09-20 12:27:54,279 [1] DEBUG Debug - 一个客户端断开链接，当前总连接数：0 Debug 
2020-09-20 12:28:27,497 [1] DEBUG Debug - 一个客户端链接：192.168.124.71:8011,当前1个客户端在线！ Debug 
2020-09-20 12:28:27,583 [1] DEBUG Debug - 接收数据 消息体长度：10 Debug 
2020-09-20 12:28:27,583 [1] DEBUG Debug - netProtocol：SECRET_REQUEST Debug 
2020-09-20 12:28:27,584 [1] DEBUG Debug - 收到了客户端发来的消息！SECRET_RESPONSE Debug 
2020-09-20 12:28:27,585 [1] DEBUG Debug - client.Sceret :Yycm1600576108 Debug 
2020-09-20 12:28:27,585 [1] DEBUG Debug - 向客户端发送了一条响应 数据长度：24 Debug 
2020-09-20 12:28:40,747 [1] DEBUG Debug - 一个客户端断开链接，当前总连接数：0 Debug 
2020-09-20 12:30:52,523 [1] DEBUG Debug - 一个客户端链接：192.168.124.71:8011,当前1个客户端在线！ Debug 
2020-09-20 12:31:09,026 [1] DEBUG Debug - 一个客户端断开链接，当前总连接数：0 Debug 
2020-09-20 12:31:16,682 [1] DEBUG Debug - 一个客户端链接：192.168.124.71:8011,当前1个客户端在线！ Debug 
2020-09-20 12:31:26,906 [1] DEBUG Debug - 一个客户端断开链接，当前总连接数：0 Debug 
2020-09-20 12:31:41,150 [1] DEBUG Debug - 一个客户端链接：192.168.124.71:8011,当前1个客户端在线！ Debug 
2020-09-20 12:31:45,540 [1] DEBUG Debug - 一个客户端断开链接，当前总连接数：0 Debug 
2020-09-20 12:35:11,509 [1] DEBUG Debug - 一个客户端链接：192.168.124.71:8011,当前1个客户端在线！ Debug 
2020-09-20 12:35:26,191 [1] DEBUG Debug - 接收数据 消息体长度：10 Debug 
